(ml-zc-2025) ➜  ml-zc-2025 git:(main) ✗ docker build -t water-potability-prediction .
[+] Building 6.8s (14/14) FINISHED                                                                                                                                                                                                     docker:colima
 => [internal] load build definition from Dockerfile                                                                                                                                                                                            0.0s
 => => transferring dockerfile: 529B                                                                                                                                                                                                            0.0s
 => [internal] load metadata for docker.io/library/python:3.13.5-slim-bookworm                                                                                                                                                                  2.2s
 => [internal] load metadata for ghcr.io/astral-sh/uv:latest                                                                                                                                                                                    1.3s
 => [auth] library/python:pull token for registry-1.docker.io                                                                                                                                                                                   0.0s
 => [internal] load .dockerignore                                                                                                                                                                                                               0.0s
 => => transferring context: 2B                                                                                                                                                                                                                 0.0s
 => FROM ghcr.io/astral-sh/uv:latest@sha256:29bd45092ea8902c0bbb7f0a338f0494a382b1f4b18355df5be270ade679ff1d                                                                                                                                    0.0s
 => => resolve ghcr.io/astral-sh/uv:latest@sha256:29bd45092ea8902c0bbb7f0a338f0494a382b1f4b18355df5be270ade679ff1d                                                                                                                              0.0s
 => [internal] load build context                                                                                                                                                                                                               0.1s
 => => transferring context: 12.04MB                                                                                                                                                                                                            0.1s
 => [stage-0 1/6] FROM docker.io/library/python:3.13.5-slim-bookworm@sha256:4c2cf9917bd1cbacc5e9b07320025bdb7cdf2df7b0ceaccb55e9dd7e30987419                                                                                                    0.0s
 => => resolve docker.io/library/python:3.13.5-slim-bookworm@sha256:4c2cf9917bd1cbacc5e9b07320025bdb7cdf2df7b0ceaccb55e9dd7e30987419                                                                                                            0.0s
 => CACHED [stage-0 2/6] COPY --from=ghcr.io/astral-sh/uv:latest /uv /uvx /bin/                                                                                                                                                                 0.0s
 => CACHED [stage-0 3/6] WORKDIR /code                                                                                                                                                                                                          0.0s
 => CACHED [stage-0 4/6] COPY pyproject.toml uv.lock .python-version ./                                                                                                                                                                         0.0s
 => CACHED [stage-0 5/6] RUN uv sync --locked                                                                                                                                                                                                   0.0s
 => [stage-0 6/6] COPY midterm-project/predict.py      midterm-project/custom_transformer.py      midterm-project/water_potability_prediction_model_v1_0.joblib ./                                                                              0.0s
 => exporting to image                                                                                                                                                                                                                          4.4s
 => => exporting layers                                                                                                                                                                                                                         0.2s
 => => exporting manifest sha256:19c766930bf2f15fdf1bb4e5b56235d5cf846e27255d0f956d9809a03925bc7f                                                                                                                                               0.0s
 => => exporting config sha256:2cefbc2ee82c05540c25f85a1ad12c1fdbeaaba09c848fbe1a92bc5b62629828                                                                                                                                                 0.0s
 => => exporting attestation manifest sha256:cf05d45709e1ffa14fb7df9a5625cd8f145e45152547d3d5cf4b72e79e744c0a                                                                                                                                   0.0s
 => => exporting manifest list sha256:9d217a6753e059f4f09791c198cfdca4e4bbc733cb04117c514eda1a9a604068                                                                                                                                          0.0s
 => => naming to docker.io/library/water-potability-prediction:latest                                                                                                                                                                           0.0s
 => => unpacking to docker.io/library/water-potability-prediction:latest                                                                                                                                                                        4.1s
(ml-zc-2025) ➜  ml-zc-2025 git:(main) ✗